C:\Program Files (x86)\Microsoft Visual Studio\2019\Community\MSBuild\Microsoft\VC\v160\Microsoft.CppBuild.targets(452,5): warning MSB8004: Intermediate Directory does not end with a trailing slash.  This build instance will add the slash as it is required to allow proper evaluation of the Intermediate Directory.
C:\Program Files (x86)\Microsoft Visual Studio\2019\Community\MSBuild\Microsoft\VC\v160\Microsoft.CppBuild.targets(453,5): warning MSB8004: Output Directory does not end with a trailing slash.  This build instance will add the slash as it is required to allow proper evaluation of the Output Directory.
  main1.cpp
  timing_manager.cpp
C:\code\third_game\src\main1.cpp(76,64): warning C4244: 'argument': conversion from 'const unsigned int' to 'T', possible loss of data
          with
          [
              T=float
          ]
C:\code\third_game\src\main1.cpp(76,38): warning C4244: 'argument': conversion from 'const unsigned int' to 'T', possible loss of data
          with
          [
              T=float
          ]
C:\code\third_game\src\main1.cpp(77,75): warning C4244: 'argument': conversion from 'const unsigned int' to 'T', possible loss of data
          with
          [
              T=float
          ]
C:\code\third_game\src\main1.cpp(77,55): warning C4244: 'argument': conversion from 'const unsigned int' to 'T', possible loss of data
          with
          [
              T=float
          ]
C:\code\third_game\src\main1.cpp(86,71): warning C4244: 'argument': conversion from 'const unsigned int' to 'T', possible loss of data
          with
          [
              T=float
          ]
C:\code\third_game\src\main1.cpp(86,33): warning C4244: 'argument': conversion from 'const unsigned int' to 'T', possible loss of data
          with
          [
              T=float
          ]
C:\code\third_game\src\main1.cpp(88,42): warning C4244: 'argument': conversion from 'unsigned int' to 'T', possible loss of data
          with
          [
              T=float
          ]
C:\code\third_game\src\main1.cpp(87,42): warning C4244: 'argument': conversion from 'unsigned int' to 'T', possible loss of data
          with
          [
              T=float
          ]
C:\code\third_game\src\main1.cpp(169,33): warning C4244: 'argument': conversion from 'unsigned int' to 'float', possible loss of data
C:\code\third_game\src\main1.cpp(172,21): warning C4018: '<': signed/unsigned mismatch
  Generating code
  220 of 1755 functions (12.5%) were compiled, the rest were copied from previous compilation.
    99 functions were new in current compilation
    135 functions had inline decision re-evaluated but remain unchanged
  Finished generating code
  Project1.vcxproj -> C:\code\third_game\profile_msvc\.\Project1.exe
